PLINK v1.90b6.9 64-bit (4 Mar 2019)
Options in effect:
  --assoc
  --bfile hapmap1
  --out as1

Hostname: midway2-0012.rcc.local
Working directory: /project2/qbio_summer/statgen/data
Start time: Thu Aug  6 19:33:16 2020

Random number seed: 1596760396
63728 MB RAM detected; reserving 31864 MB for main workspace.
83534 variants loaded from .bim file.
89 people (89 males, 0 females) loaded from .fam.
89 phenotype values loaded from .fam.
Using 1 thread (no multithreaded calculations invoked).
Before main variant filters, 89 founders and 0 nonfounders present.
Calculating allele frequencies... done.
Total genotyping rate is 0.99441.
83534 variants and 89 people pass filters and QC.
Among remaining phenotypes, 44 are cases and 45 are controls.
Writing C/C --assoc report to as1.assoc ... done.

End time: Thu Aug  6 19:33:16 2020
