PLINK v1.90b6.9 64-bit (4 Mar 2019)
Options in effect:
  --adjust
  --assoc
  --bfile hapmap1
  --out as2

Hostname: midway2-0012.rcc.local
Working directory: /project2/qbio_summer/statgen/data
Start time: Thu Aug  6 20:22:13 2020

Random number seed: 1596763333
63728 MB RAM detected; reserving 31864 MB for main workspace.
83534 variants loaded from .bim file.
89 people (89 males, 0 females) loaded from .fam.
89 phenotype values loaded from .fam.
Using 1 thread (no multithreaded calculations invoked).
Before main variant filters, 89 founders and 0 nonfounders present.
Calculating allele frequencies... done.
Total genotyping rate is 0.99441.
83534 variants and 89 people pass filters and QC.
Among remaining phenotypes, 44 are cases and 45 are controls.
Writing C/C --assoc report to as2.assoc ... done.
--adjust: Genomic inflation est. lambda (based on median chisq) = 1.25377.
--adjust values (68727 variants) written to as2.assoc.adjusted .

End time: Thu Aug  6 20:22:13 2020
