PLINK v1.90b6.9 64-bit (4 Mar 2019)
Options in effect:
  --bfile hapmap1
  --freq
  --out freq_stat
  --within pop.phe

Hostname: midway2-0012.rcc.local
Working directory: /project2/qbio_summer/statgen/data
Start time: Thu Aug  6 19:31:05 2020

Random number seed: 1596760265
63728 MB RAM detected; reserving 31864 MB for main workspace.
83534 variants loaded from .bim file.
89 people (89 males, 0 females) loaded from .fam.
89 phenotype values loaded from .fam.
--within: 2 clusters loaded, covering a total of 89 people.
Using 1 thread (no multithreaded calculations invoked).
Before main variant filters, 89 founders and 0 nonfounders present.
Calculating allele frequencies... done.
Total genotyping rate is 0.99441.
--freq: Cluster-stratified allele frequencies (founders only) written to
freq_stat.frq.strat .

End time: Thu Aug  6 19:31:05 2020
