PLINK v1.90b6.9 64-bit (4 Mar 2019)
Options in effect:
  --file hapmap1
  --make-bed
  --out hapmap1

Hostname: midway2-0012.rcc.local
Working directory: /project2/qbio_summer/statgen/data
Start time: Thu Aug  6 19:20:37 2020

Random number seed: 1596759637
63728 MB RAM detected; reserving 31864 MB for main workspace.
Scanning .ped file... done.
Performing single-pass .bed write (83534 variants, 89 people).
--file: hapmap1-temporary.bed + hapmap1-temporary.bim + hapmap1-temporary.fam
written.
83534 variants loaded from .bim file.
89 people (89 males, 0 females) loaded from .fam.
89 phenotype values loaded from .fam.
Using 1 thread (no multithreaded calculations invoked).
Before main variant filters, 89 founders and 0 nonfounders present.
Calculating allele frequencies... done.
Total genotyping rate is 0.99441.
83534 variants and 89 people pass filters and QC.
Among remaining phenotypes, 44 are cases and 45 are controls.
--make-bed to hapmap1.bed + hapmap1.bim + hapmap1.fam ... done.

End time: Thu Aug  6 19:20:37 2020
